[0m[[0mdebug[0m] [0mRunning TaskDef(learn.LoglossSpec, org.scalatest.tools.Framework$$anon$1@2a62fe99, false, [SuiteSelector])[0m
[0m[[0mdebug[0m] [0mRunning TaskDef(learn.ClaimPredictionSpec, org.scalatest.tools.Framework$$anon$1@2a62fe99, false, [SuiteSelector])[0m
[0m[[0mdebug[0m] [0mRunning TaskDef(data.LoadClaimDataSpec, org.scalatest.tools.Framework$$anon$1@2a62fe99, false, [SuiteSelector])[0m
[0m[[0minfo[0m] [0m[36mRun completed in 4 seconds, 893 milliseconds.[0m[0m
[0m[[0minfo[0m] [0m[36mTotal number of tests run: 11[0m[0m
[0m[[0minfo[0m] [0m[36mSuites: completed 2, aborted 1[0m[0m
[0m[[0minfo[0m] [0m[36mTests: succeeded 4, failed 7, canceled 0, ignored 0, pending 0[0m[0m
[0m[[0minfo[0m] [0m[31m*** 1 SUITE ABORTED ***[0m[0m
[0m[[0minfo[0m] [0m[31m*** 7 TESTS FAILED ***[0m[0m
[0m[[31merror[0m] [0mFailed tests:[0m
[0m[[31merror[0m] [0m	learn.ClaimPredictionSpec[0m
[0m[[31merror[0m] [0m	learn.LoglossSpec[0m
[0m[[31merror[0m] [0mError during tests:[0m
[0m[[31merror[0m] [0m	data.LoadClaimDataSpec[0m
[0m[[31merror[0m] [0m(test:[31mtest[0m) sbt.TestsFailedException: Tests unsuccessful[0m
